<?xml version="1.0" encoding="UTF-8"?>
<!-- Generated by org.testng.reporters.JUnitReportReporter -->
<testsuite skipped="1" hostname="KUMARSAURAV-PC" name="com.wipro.webdriver.tests.SendEmailAndVerify" tests="2" failures="0" timestamp="10 Dec 2017 15:09:01 GMT" time="0.045" errors="1">
  <testcase name="initializeExtentReport" time="0.045" classname="com.wipro.webdriver.tests.SendEmailAndVerify">
    <error type="java.lang.NoClassDefFoundError" message="freemarker/template/TemplateModelException">
      <![CDATA[java.lang.NoClassDefFoundError: freemarker/template/TemplateModelException
	at com.relevantcodes.extentreports.ExtentReports.<init>(ExtentReports.java:86)
	at com.relevantcodes.extentreports.ExtentReports.<init>(ExtentReports.java:375)
	at com.wipro.webdriver.tests.SendEmailAndVerify.initializeExtentReport(SendEmailAndVerify.java:38)
	at sun.reflect.NativeMethodAccessorImpl.invoke0(Native Method)
	at sun.reflect.NativeMethodAccessorImpl.invoke(NativeMethodAccessorImpl.java:62)
	at sun.reflect.DelegatingMethodAccessorImpl.invoke(DelegatingMethodAccessorImpl.java:43)
	at java.lang.reflect.Method.invoke(Method.java:498)
	at org.testng.internal.MethodInvocationHelper.invokeMethod(MethodInvocationHelper.java:108)
	at org.testng.internal.Invoker.invokeConfigurationMethod(Invoker.java:523)
	at org.testng.internal.Invoker.invokeConfigurations(Invoker.java:224)
	at org.testng.internal.Invoker.invokeConfigurations(Invoker.java:146)
	at org.testng.SuiteRunner.privateRun(SuiteRunner.java:326)
	at org.testng.SuiteRunner.run(SuiteRunner.java:289)
	at org.testng.SuiteRunnerWorker.runSuite(SuiteRunnerWorker.java:52)
	at org.testng.SuiteRunnerWorker.run(SuiteRunnerWorker.java:86)
	at org.testng.TestNG.runSuitesSequentially(TestNG.java:1301)
	at org.testng.TestNG.runSuitesLocally(TestNG.java:1226)
	at org.testng.TestNG.runSuites(TestNG.java:1144)
	at org.testng.TestNG.run(TestNG.java:1115)
	at org.testng.IDEARemoteTestNG.run(IDEARemoteTestNG.java:72)
	at org.testng.RemoteTestNGStarter.main(RemoteTestNGStarter.java:127)
Caused by: java.lang.ClassNotFoundException: freemarker.template.TemplateModelException
	at java.net.URLClassLoader.findClass(URLClassLoader.java:381)
	at java.lang.ClassLoader.loadClass(ClassLoader.java:424)
	at sun.misc.Launcher$AppClassLoader.loadClass(Launcher.java:331)
	at java.lang.ClassLoader.loadClass(ClassLoader.java:357)
	... 21 more
]]>
    </error>
  </testcase> <!-- initializeExtentReport -->
  <testcase name="loginToOutlookTest" time="0.000" classname="com.wipro.webdriver.tests.SendEmailAndVerify">
    <skipped/>
  </testcase> <!-- loginToOutlookTest -->
</testsuite> <!-- com.wipro.webdriver.tests.SendEmailAndVerify -->
